<?xml version="1.0" encoding="UTF-8"?>
<!-- Generated by org.testng.reporters.JUnitReportReporter -->
<testsuite hostname="DESKTOP-726FUS1" failures="0" tests="1" name="test.com.FirstProject" time="0.002" errors="0" timestamp="19 Jan 2024 23:57:44 GMT">
  <testcase classname="test.com.FirstProject" name="testName" time="0.002"/>
</testsuite> <!-- test.com.FirstProject -->
